<?xml version="1.0" encoding="UTF-8"?>
<testsuite name="ScannerTradingView" tests="1" skipped="0" failures="0" errors="0" timestamp="2024-05-15T19:05:42" hostname="users-MacBook-Pro.local" time="2.472">
  <properties/>
  <testcase name="getMoney()" classname="ScannerTradingView" time="2.472"/>
  <system-out><![CDATA[]]></system-out>
  <system-err><![CDATA[]]></system-err>
</testsuite>
